 Process in group number            1
 A PDF is used, so alpha_s(MZ) is going to be modified
 Old value of alpha_s from param_card:   0.13000000000000003     
  ****************************************
 
       NNPDFDriver version 1.0.3
   Grid: NNPDF23_lo_as_0130_qed_mem0.grid
  ****************************************
 New value of alpha_s from PDF nn23lo1:  0.13000000000000000     
 Define smin to   40000.000000000000     
 Define smin to   40000.000000000000     
 Define smin to   40000.000000000000     
 Define smin to   40000.000000000000     
 Define smin to   40000.000000000000     
 Define smin to   40000.000000000000     
 Define smin to   40000.000000000000     
 *****************************************************
 *               MadGraph/MadEvent                   *
 *        --------------------------------           *
 *          http://madgraph.hep.uiuc.edu             *
 *          http://madgraph.phys.ucl.ac.be           *
 *          http://madgraph.roma2.infn.it            *
 *        --------------------------------           *
 *                                                   *
 *          PARAMETER AND COUPLING VALUES            *
 *                                                   *
 *****************************************************

  External Params
  ---------------------------------
  
 aEWM1 =    132.50700000000001     
 mdl_Gf =    1.1663900000000000E-005
 aS =   0.13000000000000003     
 mdl_ymb =    4.7000000000000002     
 mdl_ymt =    173.00000000000000     
 mdl_ymtau =    1.7769999999999999     
 mdl_MZ =    91.188000000000002     
 mdl_MT =    173.00000000000000     
 mdl_MB =    4.7000000000000002     
 mdl_MH =    125.00000000000000     
 mdl_MTA =    1.7769999999999999     
 mdl_WZ =    2.4414039999999999     
 mdl_WW =    2.0476000000000001     
 mdl_WT =    1.4915000000000000     
 mdl_WH =    6.3823389999999999E-003
  Internal Params
  ---------------------------------
  
 mdl_CKM3x3 =    1.0000000000000000     
 mdl_conjg__CKM3x3 =    1.0000000000000000     
 mdl_conjg__CKM1x1 =    1.0000000000000000     
 mdl_complexi =                (0.0000000000000000,1.0000000000000000)
 mdl_MZ__exp__2 =    8315.2513440000002     
 mdl_MZ__exp__4 =    69143404.913893804     
 mdl_sqrt__2 =    1.4142135623730951     
 mdl_MH__exp__2 =    15625.000000000000     
 mdl_aEW =    7.5467711139788835E-003
 mdl_MW =    80.419002445756163     
 mdl_sqrt__aEW =    8.6872153846781555E-002
 mdl_ee =   0.30795376724436879     
 mdl_MW__exp__2 =    6467.2159543705357     
 mdl_sw2 =   0.22224648578577766     
 mdl_cw =   0.88190334743339216     
 mdl_sqrt__sw2 =   0.47143025548407230     
 mdl_sw =   0.47143025548407230     
 mdl_g1 =   0.34919219678733299     
 mdl_gw =   0.65323293034757990     
 mdl_vev =    246.21845810181637     
 mdl_vev__exp__2 =    60623.529110035903     
 mdl_lam =   0.12886910601690263     
 mdl_yb =    2.6995554250465490E-002
 mdl_yt =   0.99366614581500623     
 mdl_ytau =    1.0206617000654717E-002
 mdl_muH =    88.388347648318430     
 mdl_I1x33 =          (2.69955542504654901E-002,0.0000000000000000)
 mdl_I2x33 =               (0.99366614581500623,0.0000000000000000)
 mdl_I3x33 =               (0.99366614581500623,0.0000000000000000)
 mdl_I4x33 =          (2.69955542504654901E-002,0.0000000000000000)
 mdl_ee__exp__2 =    9.4835522759998875E-002
 mdl_sw__exp__2 =   0.22224648578577769     
 mdl_cw__exp__2 =   0.77775351421422245     
  Internal Params evaluated point by point
  ----------------------------------------
  
 mdl_sqrt__aS =   0.36055512754639896     
 mdl_G__exp__2 =    1.6336281798666927     
  Couplings of sm
  ---------------------------------
  
        GC_10 =  -0.12781E+01   0.00000E+00
        GC_11 =   0.00000E+00   0.12781E+01
        GC_12 =   0.00000E+00   0.16336E+01

 Collider parameters:
 --------------------

 Running at P P   machine @    13000.000000000000       GeV
 PDF set = nn23lo1
 alpha_s(Mz)= 0.1300 running at 2 loops.
 alpha_s(Mz)= 0.1300 running at 2 loops.
 Renormalization scale set on event-by-event basis
 Factorization   scale set on event-by-event basis


 getting user params
Enter number of events and max and min iterations: 
 Number of events and iterations         1000           5           3
Enter desired fractional accuracy: 
 Desired fractional accuracy:   0.10000000000000001     
Enter 0 for fixed, 2 for adjustable grid: 
Suppress amplitude (0 no, 1 yes)? 
 Using suppressed amplitude.
Exact helicity sum (0 yes, n = number/event)? 
 Explicitly summing over helicities
Enter Configuration Number: 
Running Configuration Number:    1
 Not subdividing B.W.
 Attempting mappinvarients           1           4
 Determine nb_t
 T-channel found:            1
 Completed mapping           4
 about to integrate            4        1000           5           3           4           1
 Using non-zero grid deformation.
  4 dimensions   1000 events  4 invarients  5 iterations  1 config(s),  (0.99)
 Using h-tuple random number sequence.
 Error opening grid
 Using Uniform Grid!          16
 Using uniform alpha   1.0000000000000000     
 Grid defined OK
 Set CM energy to      13000.00
 Mapping Graph           1  to config           1
 Determine nb_t
 T-channel found:            1
Setting grid   1    0.59172E-04   1
 Transforming s_hat 1/s            3   2.3668639053254443E-004   40000.000000000000        168999999.99999997     
   1   1   2   3   4
 Masses: 0.000E+00 0.000E+00 0.000E+00 0.000E+00
Using random seed offsets     1 :      5
  with seed                   24
 Ranmar initialization seeds       31059        9402
 
 ********************************************
 * You are using the DiscreteSampler module *
 *      part of the MG5_aMC framework       *
 *         Author: Valentin Hirschi         *
 ********************************************
 
  Particle       3       4
      Et >   100.0   100.0
       E >     0.0     0.0
     Eta <     5.0     5.0
   xqcut:      0.0     0.0
d R # 3  >    -0.0     0.4
s min # 3>     0.0     0.0
xqcutij # 3>     0.0     0.0
 alpha_s for scale    126.87853295051067       is   0.12321623034492432     
 RESET CUMULATIVE VARIABLE
 Iteration  1   Mean: 0.8610E+05 Abs mean: 0.8610E+05   Fluctuation:  0.526E+04   0.158E+07    60.1%
  1    0.8610E+05 0.8610E+05 +- 0.5263E+04      1.93
 Writing out events   28.672717119338991        1.9329263722567021     
 Relative summed weights:
  0.8210E-01  0.0000E+00  0.7798E-01  0.5225E-01  0.5611E-02  0.0000E+00  0.1207E+00  0.1860E+00  0.0000E+00  0.0000E+00  0.2097E+00  0.1432E+00  0.1388E-01  0.2509E-01
  0.6158E-01  0.0000E+00  0.0000E+00  0.0000E+00  0.2195E-01  0.0000E+00  0.0000E+00  0.0000E+00  0.0000E+00  0.0000E+00  0.0000E+00  0.0000E+00  0.0000E+00  0.0000E+00
 Relative number of events:
  0.9019E-01  0.0000E+00  0.6442E-01  0.4460E-01  0.9911E-02  0.0000E+00  0.1596E+00  0.1794E+00  0.0000E+00  0.0000E+00  0.1497E+00  0.1328E+00  0.1982E-01  0.3370E-01
  0.1031E+00  0.0000E+00  0.0000E+00  0.0000E+00  0.1288E-01  0.0000E+00  0.0000E+00  0.0000E+00  0.0000E+00  0.0000E+00  0.0000E+00  0.0000E+00  0.0000E+00  0.0000E+00
 Events:
          91           0          65          45          10           0         161         181           0           0         151         134          20          34
         104           0           0           0          13           0           0           0           0           0           0           0           0           0
 Iteration  2   Mean: 0.8513E+05 Abs mean: 0.8513E+05   Fluctuation:  0.203E+04   0.518E+06    78.0%
  2    0.8513E+05 0.8513E+05 +- 0.2028E+04      1.07
 Relative summed weights:
  0.6281E-01  0.0000E+00  0.6919E-01  0.6570E-01  0.7412E-02  0.0000E+00  0.1807E+00  0.1593E+00  0.0000E+00  0.0000E+00  0.1590E+00  0.1720E+00  0.2988E-01  0.1956E-01
  0.6642E-01  0.0000E+00  0.0000E+00  0.0000E+00  0.7990E-02  0.0000E+00  0.0000E+00  0.0000E+00  0.0000E+00  0.0000E+00  0.0000E+00  0.0000E+00  0.0000E+00  0.0000E+00
 Relative number of events:
  0.7650E-01  0.0000E+00  0.6150E-01  0.5450E-01  0.1000E-01  0.0000E+00  0.1760E+00  0.1535E+00  0.0000E+00  0.0000E+00  0.1600E+00  0.1580E+00  0.3000E-01  0.2550E-01
  0.8350E-01  0.0000E+00  0.0000E+00  0.0000E+00  0.1100E-01  0.0000E+00  0.0000E+00  0.0000E+00  0.0000E+00  0.0000E+00  0.0000E+00  0.0000E+00  0.0000E+00  0.0000E+00
 Events:
         153           0         123         109          20           0         352         307           0           0         320         316          60          51
         167           0           0           0          22           0           0           0           0           0           0           0           0           0
 Iteration  3   Mean: 0.8439E+05 Abs mean: 0.8439E+05   Fluctuation:  0.134E+04   0.302E+07    77.7%
  3    0.8439E+05 0.8439E+05 +- 0.1342E+04      1.01
 Relative summed weights:
  0.8171E-01  0.0000E+00  0.7252E-01  0.7126E-01  0.7956E-02  0.0000E+00  0.1572E+00  0.1488E+00  0.0000E+00  0.0000E+00  0.1552E+00  0.1581E+00  0.2616E-01  0.2914E-01
  0.8230E-01  0.0000E+00  0.0000E+00  0.0000E+00  0.9684E-02  0.0000E+00  0.0000E+00  0.0000E+00  0.0000E+00  0.0000E+00  0.0000E+00  0.0000E+00  0.0000E+00  0.0000E+00
 Relative number of events:
  0.8500E-01  0.0000E+00  0.6850E-01  0.6675E-01  0.9500E-02  0.0000E+00  0.1583E+00  0.1485E+00  0.0000E+00  0.0000E+00  0.1555E+00  0.1525E+00  0.2725E-01  0.3200E-01
  0.8475E-01  0.0000E+00  0.0000E+00  0.0000E+00  0.1150E-01  0.0000E+00  0.0000E+00  0.0000E+00  0.0000E+00  0.0000E+00  0.0000E+00  0.0000E+00  0.0000E+00  0.0000E+00
 Events:
         340           0         274         267          38           0         633         594           0           0         622         610         109         128
         339           0           0           0          46           0           0           0           0           0           0           0           0           0
 Accuracy:    0.004   0.100   0.013   0.086
 Finished due to accuracy    3.7851501905726624E-003  0.10000000000000001     

 -------------------------------------------------------------------------------
 Accumulated results:   Integral =  0.8469E+05
                        Std dev  =  0.1095E+04
                       Cross sec =  0.8469E+05
             Chi**2 per DoF.     =      0.0857
 -------------------------------------------------------------------------------
 Found          476  events.
 Wrote          473  events.
 Actual xsec    84688.519488039645     
 Correct abs xsec    84688.519488039645     
 Event xsec    84688.519488038917     
 Events wgts > 1:            1
 % Cross section > 1:    634.41814391654475       0.74911941754531153     
-------------------------------------------------
---------------------------
 Results Last   3 iters: Integral =   0.8469E+05
                     Abs integral =   0.8469E+05
                          Std dev =   0.1095E+04
                  Chi**2 per DoF. =      0.0844
-------------------------------------------------
---------------------------
 Status  0.10000000000000001                4           5

ls status:
events.lhe
ftn26
input_app.txt
results.dat
run1_app.log
